QA12 - MC68HC12 Absolute crossassembler, Version 1.6.3
(c) GMV 1989-2013


File: Uppgift_6.lst
001000                      1. 	ORG	$1000
001000 86 01                2. 	LDAA	#1
001002 7A 09 C2             3. 	STAA	$9C2
001005 86 D0                4. 	LDAA	#$D0
001007 7A 09 C3             5. 	STAA	$9C3
00100A 86 00                6. 	LDAA	#0
00100C 7A 09 C2             7. 	STAA	$9C2
                            8. 
                            9. ; Åtta siffror
00100F 86 08               10. 	LDAA	#8
001011                     11. loop:
                           12. ; Placera lämpligt värde i ackumulator B innan instruktionen utförs
001011 7B 09 C3            13. 	STAB	$9C3
001014 43                  14. 	DECA				
001015 26 FA               15. 	BNE	loop
001017                     16. end:	
001017 20 FE               17. 	BRA	end