QA12 - MC68HC12 Absolute crossassembler, Version 1.6.3
(c) GMV 1989-2013


File: Uppgift_8.lst
                            1. 	#define	SIMULATOR
---- File: "C:\Users\Erik\Documents\GitHub\PIS\Lab1\Uppgift_8.s12"
                            2. 	include	Labdefs.s12	
---- File: "Labdefs.s12"
                            3. ;Adresser
       0000 0600            4. DipSwitch	equ	$600
       0000 0700            5. HexDisplay	equ	$700
       0000 0400            6. DrillControl	equ	$400
                            7. 
                            8. 
                            9. #ifdef	SIMULATOR
       0000 0401           10. DrillStatus	equ	$401
000000                     11. #ifdef	RUNFAST
                           13. #else
       0000 0000           14. DelayConst	EQU	0
                           15. #endif
                           19. #endif
001000                     20. 	org $1000
---- File: "C:\Users\Erik\Documents\GitHub\PIS\Lab1\Uppgift_8.s12"
001000 A7                  21. loop:	nop			;Ge indata till A
001001 7A 04 00            22. 	staa	DrillControl	;Skriv till borren
001004 F6 04 01            23. 	ldab	DrillStatus	;Läs status
001007 20 F7               24. 	bra	loop